Anchorage,AK = 293227
Lake Charles,LA = 72163
Minneapolis,MN = 383280
Pompano Beach,FL = 100154
Chattanooga,TN = 168075
Mesa,AZ = 440248
Melbourne,FL = 76083
Waco,TX = 125410
Nashua,NH = 86570
Sandy Springs,GA = 94441
Jersey City,NJ = 248005
Lynchburg,VA = 75686
Tustin,CA = 75769
Detroit,MI = 711910
Lawrence,MA = 76526
Allen,PA = 118240
Goodyear,AZ = 65445
Vacaville,CA = 92623
New Haven,CT = 129849
Lehigh Acres,FL = 88196
Philadelphia,PA = 1528306
Huntsville,AL = 181126
Enterprise,NV = 118697
Norwalk,CA = 105686
Dale City,VA = 62021
Santa Clarita,CA = 176535
Providence,RI = 178162
Warner Robins,GA = 66757
Jacksonville,FL = 823316
Greensboro,NC = 270357
Norwalk,CT = 85793
Chula Vista,CA = 244789
Farmington Hills,MI = 79768
Bay,TX = 72418
Evansville,IN = 115833
Lubbock,TX = 230734
Plymouth,MN = 70710
Salinas,CA = 151031
San Bernardino,CA = 210670
Fontana,CA = 196778
Vancouver,WA = 162430
Winston-Salem,NC = 230044
Brockton,MA = 93973
Napa,CA = 77122
Schenectady,NY = 66202
Oceanside,CA = 167680
Thornton,CO = 119324
Reno,NV = 225818
Colorado Springs,CO = 419586
Passaic,NJ = 69870
Weston,FL = 65528
Waukegan,IL = 87729
Santa Maria,CA = 99747
Mayagüez,PR = 71129
Corona,CA = 153335
Boise City,ID = 206286
Avondale,AZ = 76446
Mission Viejo,CA = 93585
Oshkosh,WI = 66110
St. Cloud,MN = 65885
Irving,TX = 217139
Milwaukee,WI = 595587
Palm Bay,FL = 103225
Carlsbad,CA = 105707
Missoula,MT = 66905
Livonia,MI = 96684
Troy,MI = 81037
Trenton,NJ = 85015
Santa Monica,CA = 89861
Ponce,PR = 134788
Tucson,AZ = 521132
Plano,TX = 261697
New Rochelle,NY = 77177
Springfield,IL = 116188
Miramar,FL = 122438
Silver Spring,MD = 76534
Midland,TX = 111238
Dallas,TX = 1202797
Clifton,NJ = 84249
Boulder,CO = 97585
Fort Collins,CO = 144453
Greenville,NC = 84879
Grand Prairie,TX = 176090
Bayamón,PR = 187219
Orem,UT = 88929
Columbus,OH = 789939
Duluth,MN = 86230
Santa Barbara,CA = 88579
Rockford,IL = 152220
Gresham,OR = 105973
Des Moines,IA = 204196
Charleston,SC = 119834
Edinburg,TX = 77613
Springdale,AR = 70751
Parma,OH = 81481
Livermore,CA = 81178
Ontario,CA = 164517
Oklahoma City,OK = 582278
Spring Valley,NV = 179830
Oakland,CA = 391672
Hollywood,FL = 141202
Salem,OR = 155004
Houston,TX = 2107208
Hesperia,CA = 90486
Stamford,CT = 122902
Hampton,VA = 137381
Bellevue,WA = 122808
Milpitas,CA = 67011
Ann Arbor,MI = 114101
San Jose,CA = 949197
Glendale,CA = 191954
Torrance,CA = 145618
Hammond,IN = 80812
Spokane Valley,WA = 89927
Little Rock,AR = 193973
Lafayette,IN = 65261
Whittier,CA = 85433
Waterloo,IA = 68472
Manteca,CA = 67338
Baton Rouge,LA = 229859
Montgomery,AL = 206655
Wichita Falls,TX = 104699
Beaverton,OR = 90150
Waterbury,CT = 110430
Provo,UT = 113196
San Tan Valley,AZ = 74977
Coral Springs,FL = 121492
Palatine,IL = 68596
Omaha,NE = 410269
Youngs,OH = 66835
Southfield,MI = 71785
Frederick,MD = 65439
Anaheim,CA = 337259
Redwood City,CA = 77013
Lynn,MA = 90511
Decatur,IL = 76268
West Jordan,UT = 104145
Chesapeake,VA = 222986
Alhambra,CA = 83202
Champaign,IL = 81164
High Point,NC = 103672
Gary,IN = 80840
Springfield,MA = 153115
Berkeley,CA = 112824
Springfield,MO = 159643
Yakima,WA = 91525
Lawrence,KS = 92718
Guaynabo,PR = 72315
North Las Vegas,NV = 217304
Appleton,WI = 71747
Victorville,CA = 116305
Long Beach,CA = 462793
Fargo,ND = 106600
Union City,NJ = 66560
Round Rock,TX = 102441
Cicero,IL = 84002
Westland,MI = 83860
Gilbert,AZ = 209007
Flagstaff,AZ = 65976
Kennewick,WA = 74455
Richmond,CA = 104059
Lynwood,CA = 69863
Fort Smith,AR = 86338
Pasadena,CA = 137294
Arlington,VA = 209457
Orlando,FL = 239037
Carmel,IN = 79447
Arvada,CO = 107604
Layton,UT = 67612
New Britain,CT = 73247
German,MD = 83372
Wilmington,DE = 70921
College Station,TX = 94246
Temecula,CA = 100751
Toledo,OH = 286979
Tempe,AZ = 162123
Merced,CA = 79254
Santa Clara,CA = 116864
Surprise,AZ = 117826
Waldorf,MD = 68961
Las Cruces,NM = 98239
Tracy,CA = 83223
Eau Claire,WI = 65489
Citrus Heights,CA = 83490
South Gate,CA = 94503
Richmond,VA = 204389
Sunrise Manor,NV = 185286
Lakeland,FL = 97530
The Woodlands,TX = 92076
Redlands,CA = 68994
Lincoln,NE = 259041
Mobile,AL = 195249
Suffolk,VA = 84906
Asheville,NC = 83570
Hayward,CA = 144549
Birmingham,AL = 211670
Sioux City,IA = 82378
Frisco,TX = 117839
San Mateo,CA = 97461
Los Angeles,CA = 3797144
Wichita,KS = 383142
Hillsboro,OR = 91954
Syracuse,NY = 145216
Muncie,IN = 68651
Moreno Valley,CA = 194592
Buena Park,CA = 80766
Concord,NC = 79330
Richardson,TX = 99721
Visalia,CA = 124866
South Bend,IN = 107072
Schaumburg,IL = 73279
Spring Hill,FL = 97103
Irvine,CA = 212982
Modesto,CA = 201520
San Antonio,TX = 1334359
Laredo,TX = 237244
Westminster,CO = 106518
Roseville,CA = 119335
Perris,CA = 68816
Santa Fe,NM = 68157
Tampa,FL = 336945
Loveland,CO = 67100
Sunnyvale,CA = 140549
Elgin,IL = 108273
Paterson,NJ = 146377
Austin,TX = 795518
Centreville,VA = 77022
Elk Grove,CA = 153401
Rochester Hills,MI = 71022
Amarillo,TX = 194161
Broken Arrow,OK = 98523
Mesquite,TX = 140293
Davenport,IA = 100068
Nampa,ID = 81781
McKinney,TX = 132147
McAllen,TX = 130767
Metairie,LA = 132938
Newport News,VA = 180712
Rancho Cucamonga,CA = 165858
West Palm Beach,FL = 100175
Chino Hills,CA = 75070
Washington,DC = 604453
San Ramon,CA = 72404
Bryan,TX = 76541
Fort Lauderdale,FL = 166039
Escondido,CA = 144402
Charlotte,NC = 734418
Rialto,CA = 99530
Peoria,IL = 114966
San Marcos,CA = 84079
Chino,CA = 78237
Bethlehem,PA = 75233
East Orange,NJ = 64299
Vista,CA = 94170
Camarillo,CA = 65406
Town 'n' Country,FL = 81175
Concord,CA = 122508
El Cajon,CA = 99841
Fort Worth,TX = 744114
Stockton,CA = 292747
Daly City,CA = 101361
Ellicott City,MD = 67241
Durham,NC = 229029
Arden-Arcade,CA = 87272
Port St. Lucie,FL = 165153
Lee's Summit,MO = 91229
Portland,ME = 66150
Erie,PA = 101821
Harlingen,TX = 65124
Pasadena,TX = 149722
Canton,OH = 72958
Chico,CA = 86213
Virginia Beach,VA = 439172
Menifee,CA = 78018
Warren,MI = 134075
East Los Angeles,CA = 127198
Santa Ana,CA = 325483
Mountain View,CA = 74320
Lowell,MA = 106730
Edmond,OK = 81696
Kendall,FL = 82561
Roswell,GA = 88908
Camden,NJ = 77331
Kansas City,MO = 460665
Rapid City,SD = 68221
Waukesha,WI = 70741
Clovis,CA = 95915
Aurora,CO = 326719
Burbank,CA = 103472
Knoxville,TN = 179226
Clarksville,TN = 133669
Albuquerque,NM = 547585
Tulsa,OK = 393577
Union City,CA = 69696
Atascocita,TX = 71245
Henderson,NV = 258138
Fort Wayne,IN = 253696
Elizabeth,NJ = 125222
Overland Park,KS = 173909
Killeen,TX = 129070
Fairfield,CA = 105580
Baltimore,MD = 620583
Sacramento,CA = 467503
Oxnard,CA = 198484
Indianapolis,IN = 824199
Macon,GA = 91524
Auburn,WA = 70873
Lancaster,CA = 156786
Longmont,CO = 86429
Costa Mesa,CA = 110253
Hawthorne,CA = 84382
Bloomington,MN = 83054
Tyler,TX = 97271
Memphis,TN = 647870
Boca Raton,FL = 84604
Brownsville,TX = 175831
Scottsdale,AZ = 217977
New York,NY = 8184899
Akron,OH = 199030
St. Petersburg,FL = 244818
Ogden,UT = 83171
Baldwin Park,CA = 75496
Spokane,WA = 209334
Dayton,OH = 141501
Jackson,MS = 173315
Palm Coast,FL = 77473
Corpus Christi,TX = 305442
Cary,NC = 135418
Cedar Rapids,IA = 126498
Warwick,RI = 82643
San Buenaventura,CA = 106730
Compton,CA = 96558
New Orleans,LA = 347858
Plantation,FL = 85217
Rock Hill,SC = 66395
Garden Grove,CA = 171386
Pittsburgh,PA = 305759
Bellflower,CA = 76717
Fayetteville,AR = 73946
Federal Way,WA = 89622
Lansing,MI = 114017
Cincinnati,OH = 296907
Palmdale,CA = 152944
San Leandro,CA = 85159
Roanoke,VA = 96967
Fresno,CA = 496147
West Covina,CA = 106221
Allen,TX = 84888
Gastonia,NC = 71782
Columbia,MD = 102239
San Angelo,TX = 93804
Tacoma,WA = 198506
Columbia,MO = 108872
San Diego,CA = 1311886
Davis,CA = 65740
Arlington,TX = 367185
Lake Forest,CA = 77482
El Paso,TX = 652113
Nashville,TN = 602618
Lewisville,TX = 95691
Pleasanton,CA = 70456
Jackson,TN = 65279
Chandler,AZ = 236775
Scranton,PA = 76068
Salt Lake City,UT = 187215
Missouri City,TX = 69052
Lauderhill,FL = 67100
Norman,OK = 111398
Bend,OR = 76723
Fort Myers,FL = 62429
St. Louis,MO = 319156
Hoover,AL = 80376
Evanston,IL = 74549
Cleveland,OH = 396240
Alafaya,FL = 84809
Glendale,AZ = 227358
Mission,TX = 77586
Lafayette,LA = 120871
Largo,FL = 77663
Hartford,CT = 124847
Cheektowaga,NY = 75018
Seattle,WA = 610710
Sterling Heights,MI = 129734
Carson,CA = 91828
Tuscaloosa,AL = 90637
Bloomington,IN = 81096
Aurora,IL = 193582
Bloomington,IL = 76730
Redding,CA = 89901
Abilene,TX = 119688
Deltona,FL = 85183
Jonesboro,AR = 67486
Peoria,AZ = 154475
Riverside,CA = 305707
New Bedford,MA = 95138
Pawtucket,RI = 71204
Manchester,NH = 109655
Brandon,FL = 102939
Everett,WA = 103321
Lorain,OH = 64128
O'Fallon,MO = 79565
Westminster,CA = 89971
Topeka,KS = 127727
Raleigh,NC = 406609
Mount Vernon,NY = 67397
Kalamazoo,MI = 74382
Pittsburg,CA = 63510
Norfolk,VA = 243135
Miami Gardens,FL = 107559
Boynton Beach,FL = 68380
Simi Valley,CA = 124596
Iowa City,IA = 68027
Miami,FL = 400892
Billings,MT = 104491
Medford,OR = 75007
Somerville,MA = 75900
Deerfield Beach,FL = 75245
Jacksonville,NC = 70705
Lawton,OK = 97832
Fremont,CA = 214613
Albany,GA = 78971
Beaumont,TX = 118355
St. George,UT = 73078
St. Joseph,MO = 74853
Kenosha,WI = 99362
Meridian,ID = 75324
Upland,CA = 73991
Flower Mound,TX = 66238
Quincy,MA = 92486
Odessa,TX = 99554
Longview,TX = 80238
Bolingbrook,IL = 73027
Garland,TX = 227604
Grand Rapids,MI = 188214
Albany,NY = 97737
Las Vegas,NV = 584641
Gainesville,FL = 124433
Arlington Heights,IL = 77009
Newark,NJ = 277232
Riverview,FL = 66415
Danbury,CT = 81043
Cape Coral,FL = 154668
Rochester,NY = 210595
Reading,PA = 88175
Brooklyn Park,MN = 75936
Buffalo,NY = 261210
Bellingham,WA = 81067
Huntington Beach,CA = 190541
Boston,MA = 621383
Tallahassee,FL = 181734
Independence,MO = 117027
Miami Beach,FL = 88110
Kansas City,KS = 147798
Flint,MI = 102231
Dearborn,MI = 97895
Pearland,TX = 90811
El Monte,CA = 113614
Denver,CO = 604414
Yuma,AZ = 93409
Pharr,TX = 70888
North Richland Hills,TX = 63656
Kenner,LA = 66681
Thousand Oaks,CA = 127041
Worcester,MA = 181264
Portsmouth,VA = 95696
Pueblo,CO = 106865
Sunrise,FL = 84717
Framingham,MA = 68461
St. Charles,MO = 65993
Highlands Ranch,CO = 95503
Madison,WI = 233777
Renton,WA = 91259
West Valley City,UT = 130026
Davie,FL = 92290
Urban Honolulu,HI = 338909
Newton,MA = 85302
Wilmington,NC = 106819
Vallejo,CA = 116217
Cambridge,MA = 105337
Clearwater,FL = 107697
Fayetteville,NC = 201077
Sioux Falls,SD = 153959
Rochester,MN = 106963
Redondo Beach,CA = 66825
Santa Rosa,CA = 168244
Apple Valley,CA = 69387
Rio Rancho,NM = 87954
Columbus,GA = 190417
Bakersfield,CA = 348582
Pembroke Pines,FL = 155252
Joliet,IL = 150856
Augusta-Richmond County,GA = 196386
Olathe,KS = 126256
Fullerton,CA = 135541
Alexandria,VA = 140912
Columbia,SC = 129139
Athens-Clarke County,GA = 115465
Greeley,CO = 93389
Pomona,CA = 149225
San Francisco,CA = 805463
Paradise,NV = 215586
Antioch,CA = 102745
Denton,TX = 114100
Centennial,CO = 100909
Green Bay,WI = 104266
Phoenix,AZ = 1449481
Toms River,NJ = 89390
Alameda,CA = 73981
Carolina,PR = 160324
Chicago,IL = 2698831
Skokie,IL = 64861
Fall River,MA = 88894
Turlock,CA = 68663
Orange,CA = 136803
Racine,WI = 78906
Folsom,CA = 72348
Yonkers,NY = 196277
League City,TX = 83848
Lexington-Fayette,KY = 296765
St. Paul,MN = 285439
Portland,OR = 585429
Wyoming,MI = 72209
Murfreesboro,TN = 109220
Atlanta,GA = 422338
Carrollton,TX = 119759
Caguas,PR = 81589
Newport Beach,CA = 85442
Fishers,IN = 77579
Lakewood,CO = 143230
Lakewood,CA = 80154
Sandy,UT = 87818
Murrieta,CA = 104108
Louisville,KY = 598230
Savannah,GA = 136651
Hialeah,FL = 225461
Downey,CA = 111922
Eugene,OR = 156299
San Juan,PR = 382900
Shreveport,LA = 198934
Hemet,CA = 79157
Cranston,RI = 80424
Naperville,IL = 141483
Sparks,NV = 90504
Johns Creek,GA = 77207
Sugar Land,TX = 79472
Dothan,AL = 66121
Indio,CA = 76512
Kent,WA = 92722
Gulfport,MS = 68042
Bridgeport,CT = 144521
Temple,TX = 66686
North Charleston,SC = 95548
Mount Pleasant,SC = 68112
Yorba Linda,CA = 64414
Inglewood,CA = 109799
