Ft Hood Aaf,TX (31.149999999999999, 97.719999999999999)
Hill AFB,UT (41.119999999999997, 111.97)
King Salmon,AK (58.68, 156.65000000000001)
Altus AFB,OK (34.670000000000002, 99.269999999999996)
Duffys Tavern,AK (62.729999999999997, 143.91999999999999)
Anchorage,AK (61.219999999999999, 149.84999999999999)
Lake Charles,LA (30.120000000000001, 93.219999999999999)
Wallops Sta,VA (37.850000000000001, 75.480000000000004)
Trinidad,CO (37.25, 104.33)
Muskogee,MO (35.659999999999997, 95.359999999999999)
Hastings,NE (40.600000000000001, 98.430000000000007)
Chattanooga,TN (35.030000000000001, 85.200000000000003)
Lubbock,TX (33.649999999999999, 101.81999999999999)
England AFB,LA (31.329999999999998, 92.549999999999997)
Kenai,AK (60.57, 151.25)
Melbourne,FL (28.100000000000001, 80.629999999999995)
Coeur d'Alene,ID (47.770000000000003, 116.81999999999999)
Eureka,NV (39.5, 115.97)
Mount Vernon,IL (38.32, 88.859999999999999)
Bettles,AK (66.920000000000002, 151.52000000000001)
Westfield,MA (42.170000000000002, 72.719999999999999)
Cross City,FL (29.620000000000001, 83.099999999999994)
Lanai-Lanai,HI (20.800000000000001, 156.94999999999999)
Cotulla,TX (28.449999999999999, 99.219999999999999)
Col. J Jabar,KS (37.75, 97.219999999999999)
Ketchikan,AK (55.350000000000001, 131.69999999999999)
Marysville,CA (39.100000000000001, 121.56999999999999)
Columbus AFB,MS (33.649999999999999, 88.450000000000003)
Nellis AFB,NV (36.229999999999997, 115.03)
Sanderson,TX (30.170000000000002, 102.42)
Hickory,NC (35.75, 81.379999999999995)
Cape Blanco,OR (43.380000000000003, 124.95)
Shishmaref,AK (66.269999999999996, 166.03)
Newburgh,NY (41.5, 74.099999999999994)
Holloman AFB,NM (32.850000000000001, 106.09999999999999)
Tustin,CA (33.700000000000003, 117.83)
Detroit,MI (42.229999999999997, 83.329999999999998)
Rapid City,SD (44.049999999999997, 103.06999999999999)
Mcallen,TX (26.18, 98.230000000000004)
Pope AFB,NC (35.170000000000002, 79.019999999999996)
Lawrence,MA (42.719999999999999, 71.120000000000005)
Alton,IL (38.880000000000003, 90.049999999999997)
Goodyear,AZ (33.420000000000002, 112.38)
Deadhorse,AK (70.200000000000003, 148.47)
Bangor,ME (44.799999999999997, 68.819999999999993)
Nome,AK (64.5, 165.43000000000001)
New Haven,CT (41.270000000000003, 72.900000000000006)
Greenville,TX (33.07, 96.069999999999993)
Mojave,CA (35.049999999999997, 118.15000000000001)
Ft Leonard,MO (37.75, 92.129999999999995)
Beatrice,NE (40.32, 96.75)
Hagerstown,MD (39.700000000000003, 77.719999999999999)
Philadelphia,PA (39.880000000000003, 75.25)
Saranac Lk,NY (44.380000000000003, 74.200000000000003)
Haines Hrbor,AK (59.229999999999997, 135.43000000000001)
Ft Smith,AR (35.329999999999998, 94.370000000000005)
Manteo,NC (35.920000000000002, 75.680000000000007)
Intl Falls,MN (48.57, 93.379999999999995)
Muscle Shoal,AL (34.75, 87.620000000000005)
Miramar,CA (32.869999999999997, 117.15000000000001)
Huntsville,AL (34.649999999999999, 86.769999999999996)
Tonopah,NV (38.07, 117.08)
Lk Palourde,LA (29.699999999999999, 91.099999999999994)
Page,OK (34.68, 94.620000000000005)
Shelter Cove,CA (40.030000000000001, 124.06999999999999)
Appleton,WI (44.25, 88.519999999999996)
Volens,VA (36.950000000000003, 78.980000000000004)
Sheridan,WY (44.770000000000003, 106.97)
Nenana,AK (64.549999999999997, 149.08000000000001)
Cherry Point,NC (34.899999999999999, 76.879999999999995)
Hoquiam,WA (46.969999999999999, 123.97)
Providence,RI (41.729999999999997, 71.430000000000007)
Mayport NAS,FL (30.399999999999999, 81.420000000000002)
North Omaha,NE (41.369999999999997, 96.019999999999996)
Leadville,CO (39.25, 106.3)
Livingston,MT (45.700000000000003, 110.43000000000001)
Jacksonville,FL (30.23, 81.680000000000007)
Selfridge,MI (42.619999999999997, 82.829999999999998)
Greensboro,NC (36.079999999999998, 79.950000000000003)
Pueblo,CO (38.280000000000001, 104.52)
Big River Lk,AK (60.82, 152.30000000000001)
China Lake,CA (35.68, 117.68000000000001)
Scottsbluff,NE (41.869999999999997, 103.59999999999999)
Los Angeles,CA (33.93, 118.40000000000001)
Homer,AK (59.630000000000003, 151.5)
Evansville,IN (38.049999999999997, 87.530000000000001)
Terre Haute,IN (39.450000000000003, 87.299999999999997)
Safford Awrs,AZ (32.82, 109.68000000000001)
Chippewa,MI (46.25, 84.469999999999999)
Salinas,CA (36.670000000000002, 121.59999999999999)
New Iberia,LA (30.030000000000001, 91.879999999999995)
Yakutat,AK (59.520000000000003, 139.66999999999999)
Corvallis,OR (44.5, 123.28)
Newark Intl,NJ (40.700000000000003, 74.170000000000002)
Port Alexndr,AK (56.25, 134.65000000000001)
Garden City,KS (37.93, 100.72)
Alexandria,LA (31.379999999999999, 92.299999999999997)
Fairfield,NJ (40.869999999999997, 74.280000000000001)
Ardmore,OK (34.299999999999997, 97.019999999999996)
Mansfield,OH (40.82, 82.519999999999996)
Eldred Rock,AK (59.619999999999997, 135.37)
Napa,CA (38.219999999999999, 122.28)
Worland,WY (43.969999999999999, 107.97)
Cape Hattera,NC (35.270000000000003, 75.549999999999997)
Point Mugu,CA (34.119999999999997, 119.12)
Schenectady,NY (42.850000000000001, 73.930000000000007)
Snowshoe Lk,AK (62.030000000000001, 146.66999999999999)
Gray AFB,TX (31.07, 97.829999999999998)
Westover,MA (42.200000000000003, 72.530000000000001)
Ithaca,NY (42.479999999999997, 76.469999999999999)
Lynchburg,VA (37.329999999999998, 79.200000000000003)
Robins AFB,GA (32.630000000000003, 83.599999999999994)
Reno,NV (39.5, 119.78)
Ord/Sharp,NE (41.619999999999997, 98.950000000000003)
Colorado Springs,CO (38.82, 104.72)
Ambler,AK (67.099999999999994, 157.84999999999999)
Salem,OR (44.920000000000002, 123.0)
Rifle,CO (39.530000000000001, 107.8)
Ocean City,MD (38.549999999999997, 75.129999999999995)
Baker,OR (44.829999999999998, 117.81999999999999)
Circle City,AK (65.829999999999998, 144.06999999999999)
Sioux City,IA (42.399999999999999, 96.379999999999995)
Cape Spence,AK (58.329999999999998, 137.05000000000001)
Elkins,WV (38.880000000000003, 79.849999999999994)
Santa Maria,CA (34.899999999999999, 120.45)
Dallas/FW,TX (32.899999999999999, 97.030000000000001)
Houston,TX (29.969999999999999, 95.349999999999994)
Nashua,NH (42.780000000000001, 71.519999999999996)
Eglin,FL (30.48, 86.530000000000001)
Boise City,ID (43.57, 116.22)
Laredo Intl,TX (27.530000000000001, 99.469999999999999)
Litchfield,MN (45.130000000000003, 94.519999999999996)
Vandenberg,CA (35.200000000000003, 120.95)
Nashville,TN (36.119999999999997, 86.680000000000007)
Lafayette,LA (30.199999999999999, 92.0)
Lemoore,CA (36.329999999999998, 119.95)
Augusta/Bush,GA (33.369999999999997, 81.969999999999999)
Poughkeepsie,NY (41.630000000000003, 73.879999999999995)
Adak,AK (51.880000000000003, 176.65000000000001)
Greenville,SC (34.899999999999999, 82.219999999999999)
St. Cloud,MN (45.549999999999997, 94.069999999999993)
Patrick AFB,FL (28.23, 80.599999999999994)
Johnson Cnty,KS (38.82, 94.879999999999995)
Milwaukee,WI (43.119999999999997, 88.049999999999997)
Bradford,PA (41.799999999999997, 78.629999999999995)
Latrobe,PA (40.280000000000001, 79.400000000000006)
Carlsbad,CA (33.130000000000003, 117.28)
Mason City,IA (43.149999999999999, 93.329999999999998)
Missoula,MT (46.920000000000002, 114.08)
Sidney Muni,NE (41.100000000000001, 102.98)
Mcclellan,CA (38.670000000000002, 121.40000000000001)
Norton AFB,CA (34.100000000000001, 117.23)
Kodiak,AK (57.75, 152.5)
Elk City,ID (45.82, 115.43000000000001)
Yellowstone,WY (44.549999999999997, 110.42)
Lihue-Kauai,HI (21.98, 159.34999999999999)
Iliamna,AK (59.75, 154.91999999999999)
Mccarthy,AK (61.43, 142.91999999999999)
Ottumwa,IA (41.100000000000001, 92.450000000000003)
Tucson,AZ (32.119999999999997, 110.93000000000001)
Taylorville,IL (39.530000000000001, 89.329999999999998)
Palmer,AK (61.600000000000001, 149.08000000000001)
Cannon,NM (34.380000000000003, 103.31999999999999)
Ypsilanti,MI (42.229999999999997, 83.530000000000001)
San Clemente,CA (33.020000000000003, 118.58)
Gadsden,AL (33.969999999999999, 86.090000000000003)
Sherman-Deni,TX (33.719999999999999, 96.670000000000002)
Annette Isl,AK (55.030000000000001, 131.56999999999999)
Canton,OH (40.920000000000002, 81.430000000000007)
Ironwood,MI (46.530000000000001, 90.129999999999995)
Ruskin,FL (27.969999999999999, 82.599999999999994)
Springfield,IL (39.850000000000001, 89.670000000000002)
Temple,TX (31.149999999999999, 97.420000000000002)
Tampa Intl,FL (27.969999999999999, 82.530000000000001)
Homestead,FL (25.48, 80.379999999999995)
Dallas,TX (32.729999999999997, 96.969999999999999)
Fort Collins,CO (40.579999999999998, 105.08)
Sand Point,AK (55.329999999999998, 160.5)
Dalhart,TX (36.020000000000003, 102.55)
Craig-Moffat,CO (40.5, 107.53)
Astoria,OR (46.149999999999999, 123.88)
Ellsworth Af,SD (44.149999999999999, 103.09999999999999)
Columbus,OH (40.0, 82.879999999999995)
Prospect Crk,AK (66.819999999999993, 150.65000000000001)
Pillaro Pt,CA (37.829999999999998, 122.83)
Harrisburg,PA (40.369999999999997, 77.420000000000002)
Gillette,WY (44.350000000000001, 105.53)
Bakersfield,CA (35.43, 119.05)
Neenah,WI (44.219999999999999, 88.530000000000001)
Detroit Laks,MN (46.82, 95.879999999999995)
Mercury,NV (36.619999999999997, 116.02)
Big Delta,AK (64.0, 145.72999999999999)
Thief River,MN (48.07, 96.180000000000007)
Intercoastal,LA (29.73, 92.120000000000005)
Rockford,IL (42.200000000000003, 89.099999999999994)
Falls City,NE (40.07, 95.579999999999998)
Rhinelander,WI (45.630000000000003, 89.450000000000003)
Attu,AK (53.5, 173.30000000000001)
Jackson,KY (37.600000000000001, 83.319999999999993)
Cold Bay,AK (55.200000000000003, 162.72)
Des Moines,IA (41.530000000000001, 93.650000000000006)
Spokane,WA (47.670000000000002, 117.33)
Upolo Pt Ln,HI (20.420000000000002, 156.47)
Mackall Aaf,NC (35.030000000000001, 79.5)
Charleston,SC (32.899999999999999, 80.030000000000001)
Redwood Falls,MN (44.549999999999997, 95.079999999999998)
Medicine Ldg,KS (37.299999999999997, 98.579999999999998)
Ukiah,CA (39.130000000000003, 123.2)
Offutt AFB,NE (41.119999999999997, 95.920000000000002)
Mekoryuk,AK (60.369999999999997, 166.27000000000001)
Hillsboro,OR (45.530000000000001, 122.95)
Springdale,AR (36.18, 94.129999999999995)
Anderson,SC (34.5, 82.719999999999999)
Volk Fld,WI (43.93, 90.269999999999996)
Owensboro,KY (37.75, 87.170000000000002)
Whiting Fld,FL (30.719999999999999, 87.019999999999996)
Livermore,CA (37.700000000000003, 121.81999999999999)
Ontario,CA (34.049999999999997, 117.62)
Oklahoma City,OK (35.530000000000001, 97.650000000000006)
Tooele,UT (40.170000000000002, 112.2)
South Brazos,TX (28.030000000000001, 95.870000000000005)
Oakland,CA (37.729999999999997, 122.22)
State Colleg,PA (40.850000000000001, 77.829999999999998)
Fort Dodge,IA (42.549999999999997, 94.180000000000007)
Raleigh-Durh,NC (35.869999999999997, 78.780000000000001)
Whiteman AFB,MO (38.729999999999997, 93.549999999999997)
Ft Lauderdale,FL (26.07, 80.150000000000006)
Jaffrey,NH (42.799999999999997, 72.0)
Waimea-Koha,HI (20.0, 156.12)
Logan,UT (41.780000000000001, 111.84999999999999)
Houlton,ME (46.130000000000003, 67.780000000000001)
Barter Islan,AK (70.129999999999995, 143.63)
Albuquerque,NM (35.049999999999997, 106.59999999999999)
Yuma Prv Gd,AZ (32.850000000000001, 114.40000000000001)
Mammoth Lks,CA (37.630000000000003, 118.92)
Cameron Heli,LA (29.780000000000001, 93.299999999999997)
Roseglen,ND (47.75, 101.83)
Moab,UT (38.770000000000003, 109.75)
Marianna,FL (30.84, 85.180000000000007)
Malta,ID (42.299999999999997, 113.37)
El Centro,CA (32.82, 115.68000000000001)
Ann Arbor,MI (42.219999999999999, 83.75)
Monteagle,TN (35.149999999999999, 85.510000000000005)
New York/LGA,NY (40.770000000000003, 73.900000000000006)
Eagle,CO (39.649999999999999, 106.92)
Torrance,CA (33.799999999999997, 118.33)
Glenview NAS,IL (42.079999999999998, 87.819999999999993)
Lebanon,NH (43.630000000000003, 72.299999999999997)
Lamar,CO (38.119999999999997, 102.59999999999999)
Macomb,IL (40.520000000000003, 90.659999999999997)
Little Rock,AR (34.829999999999998, 92.25)
Florence,SC (34.18, 79.719999999999999)
Phillips,MD (39.469999999999999, 76.170000000000002)
Lakehurst,NJ (40.030000000000001, 74.349999999999994)
Custer,SD (43.770000000000003, 103.59999999999999)
Vichy/Rolla,MO (38.130000000000003, 91.769999999999996)
Atlantic City,NJ (39.450000000000003, 74.569999999999993)
Beaver Falls,PA (40.75, 80.329999999999998)
Baton Rouge,LA (30.530000000000001, 91.150000000000006)
Montgomery,AL (32.299999999999997, 86.400000000000006)
Pontiac,MI (42.670000000000002, 83.420000000000002)
Manistee,MI (44.270000000000003, 86.25)
Fr Frigate,HI (24.449999999999999, 166.47)
Clarksburg,WV (39.280000000000001, 80.230000000000004)
Altoona,PA (40.299999999999997, 78.319999999999993)
Jefferson City,MO (38.600000000000001, 92.170000000000002)
Ft Riley,KS (39.049999999999997, 96.769999999999996)
West Plains,MO (36.880000000000003, 91.900000000000006)
Salisbury,MD (38.329999999999998, 75.5)
Seymour-John,NC (35.329999999999998, 77.969999999999999)
Pikeville,KY (37.479999999999997, 82.519999999999996)
Hattiesburg,MS (31.469999999999999, 89.329999999999998)
Minot Intl,ND (48.270000000000003, 101.28)
Ft Knox,KY (37.899999999999999, 85.969999999999999)
Mankato,MN (44.219999999999999, 93.920000000000002)
Cape St. Eli,AK (60.329999999999998, 145.0)
Santa Barb,CA (34.43, 119.83)
Eagle Range,UT (41.049999999999997, 113.06999999999999)
Paxson,AK (63.030000000000001, 145.5)
Wilmington,VT (42.880000000000003, 72.879999999999995)
Glasgow,MT (48.219999999999999, 106.62)
Alturas,CA (41.479999999999997, 120.53)
Myrtle Beach,SC (33.68, 78.930000000000007)
Beale AFB,CA (39.130000000000003, 121.45)
Decatur,IL (39.829999999999998, 88.870000000000005)
Wolfeboro,NH (44.0, 71.379999999999995)
Glendive,MT (47.130000000000003, 104.8)
Akron,CO (40.170000000000002, 103.22)
Tyndall AFB,FL (30.07, 85.579999999999998)
Gunnison,CO (38.549999999999997, 106.92)
Kankakee,IL (41.07, 87.849999999999994)
Islip,NY (40.780000000000001, 73.099999999999994)
Williams AFB,AZ (33.299999999999997, 111.67)
Chesapeake,VA (37.5, 76.200000000000003)
Redig,SD (45.159999999999997, 103.31999999999999)
Roanoke Muni,VA (37.32, 79.969999999999999)
White Sulph,WV (37.460000000000001, 80.200000000000003)
La Crosse,WI (43.869999999999997, 91.25)
Ellington Af,TX (29.620000000000001, 95.170000000000002)
Longview,TX (32.380000000000003, 94.719999999999999)
Clarksville,TN (36.619999999999997, 87.420000000000002)
Gary,IN (41.619999999999997, 87.420000000000002)
Los Alamitos,CA (33.780000000000001, 118.05)
Victoria,TX (28.850000000000001, 96.920000000000002)
Youngstown,OH (41.270000000000003, 80.670000000000002)
Redmond,OR (44.270000000000003, 121.15000000000001)
Burley,ID (42.530000000000001, 113.77)
Hawthorne,NV (38.549999999999997, 118.63)
Blairsville,PA (40.270000000000003, 79.090000000000003)
Healy River,AK (63.829999999999998, 149.0)
Kahului Maui,HI (20.899999999999999, 156.43000000000001)
Springfield,MO (37.229999999999997, 93.379999999999995)
Sioux Falls,SD (43.579999999999998, 96.730000000000004)
Sarasota,FL (27.399999999999999, 82.549999999999997)
Bluefield,WV (37.299999999999997, 81.219999999999999)
Jamestown,ND (46.920000000000002, 98.680000000000007)
Valdosta,GA (30.780000000000001, 83.280000000000001)
Ft Myers,FL (26.649999999999999, 81.870000000000005)
Bergstrom Af,TX (30.199999999999999, 97.680000000000007)
Long Beach,CA (33.82, 118.15000000000001)
Fargo,ND (46.899999999999999, 96.799999999999997)
Jordan,MT (47.329999999999998, 106.93000000000001)
Bremerton,WA (47.479999999999997, 122.77)
Big Spring,TX (32.299999999999997, 101.45)
Midland,TX (31.949999999999999, 102.18000000000001)
Dallas/Addis,TX (32.969999999999999, 96.829999999999998)
Teterboro,NJ (40.850000000000001, 74.049999999999997)
Bullfrog Mar,UT (37.5, 110.7)
Flagstaff,AZ (35.130000000000003, 111.67)
Pocatello,ID (42.920000000000002, 112.59999999999999)
Burlington,VT (44.469999999999999, 73.150000000000006)
Grand Island,NE (40.969999999999999, 98.319999999999993)
Ephrata,WA (47.32, 119.52)
Hobbs,NM (32.68, 103.2)
Juneau,AK (58.369999999999997, 134.58000000000001)
Umiat,AK (69.370000000000005, 152.13)
Hurlburt Fld,FL (30.43, 86.680000000000007)
Chadron,NE (42.829999999999998, 103.08)
Meridian NAS,MS (32.549999999999997, 88.569999999999993)
Carswell AFB,TX (32.780000000000001, 97.430000000000007)
Lawton,OK (34.57, 98.420000000000002)
Bemidji Muni,MN (47.5, 94.930000000000007)
Durango,CO (37.149999999999999, 107.75)
Groton,CT (41.329999999999998, 72.049999999999997)
Scott AFB,IL (38.549999999999997, 89.849999999999994)
College Stn,TX (30.579999999999998, 96.370000000000005)
Kaneohe Mca,HI (21.75, 158.28)
Rocky Mt,NC (35.850000000000001, 77.879999999999995)
Orlando,FL (28.550000000000001, 81.329999999999998)
Miles City,MT (46.43, 105.87)
Manchester,NH (42.93, 71.430000000000007)
Hanford,WA (46.57, 119.59999999999999)
Crestview,FL (30.780000000000001, 86.519999999999996)
Athens,GA (33.950000000000003, 83.319999999999993)
Wilmington,DE (39.670000000000002, 75.599999999999994)
Westhampton,NY (40.850000000000001, 72.629999999999995)
Albert Lea,MN (43.68, 93.370000000000005)
Mountn Home,ID (43.049999999999997, 115.87)
Tanana,AK (65.170000000000002, 152.09999999999999)
Kake Seaplan,AK (56.969999999999999, 133.94999999999999)
Merced,CA (37.280000000000001, 120.52)
Palm Springs,CA (33.829999999999998, 116.5)
Troy,AL (31.870000000000001, 86.019999999999996)
W Yellowston,MT (44.68, 111.12)
Blytheville,AR (35.969999999999999, 89.950000000000003)
Thermal,CA (33.630000000000003, 116.17)
Poplar Bluff,MO (36.770000000000003, 90.469999999999999)
Danville,IL (40.200000000000003, 87.599999999999994)
DeKalb,IL (41.93, 88.719999999999999)
Elfin Cove,AK (58.200000000000003, 136.34999999999999)
Laconia,NH (43.57, 71.430000000000007)
Kalispell,MT (48.299999999999997, 114.27)
Mather AFB,CA (38.57, 121.3)
Alliance,NE (42.049999999999997, 102.8)
Winter Park,CO (40.0, 105.87)
Maxwell AFB,AL (32.380000000000003, 86.370000000000005)
Charlottesvi,VA (38.130000000000003, 78.450000000000003)
Eau Claire,WI (44.869999999999997, 91.480000000000004)
New River,NC (34.700000000000003, 77.430000000000007)
North Is,CA (32.700000000000003, 117.2)
Sawyer AFB,MI (46.350000000000001, 87.400000000000006)
Aurora,OR (45.25, 122.75)
Richmond,VA (37.5, 77.329999999999998)
Hobart,OK (35.0, 99.049999999999997)
Monticello,NY (41.700000000000003, 74.799999999999997)
Provo,UT (40.219999999999999, 111.72)
Deer Valley,AZ (33.68, 112.08)
Hays,KS (38.850000000000001, 99.269999999999996)
Lakeland,FL (28.030000000000001, 81.950000000000003)
Salmon,ID (45.170000000000002, 114.47)
Farmingdale,NY (40.729999999999997, 73.430000000000007)
Yucca Flat,NV (37.579999999999998, 116.08)
Wheeling,WV (40.18, 80.650000000000006)
Dobbins AFB,GA (34.530000000000001, 84.870000000000005)
Soda Springs,ID (42.649999999999999, 111.58)
Bicycle Lk,CA (35.280000000000001, 116.62)
Mobile,AL (30.68, 88.25)
Wausau,WI (44.920000000000002, 89.620000000000005)
Port Arthur,TX (30.579999999999998, 94.019999999999996)
Winslow,AZ (35.020000000000003, 110.73)
Page,AZ (36.93, 111.45)
Sexton,OR (42.619999999999997, 123.37)
Asheville,NC (35.43, 82.549999999999997)
Chulitna,AK (62.880000000000003, 149.83000000000001)
Hayward,CA (37.649999999999999, 122.12)
Taos,NM (36.420000000000002, 105.56999999999999)
Birmingham,AL (33.57, 86.75)
Lewiston,MT (47.049999999999997, 109.45)
Miami/Opa,FL (25.920000000000002, 80.280000000000001)
Fairbanks,AK (64.819999999999993, 147.87)
Chase NAS,TX (28.370000000000001, 97.670000000000002)
San Mateo,CA (33.380000000000003, 117.58)
Port Angeles,WA (48.219999999999999, 123.67)
Cairo,IL (37.07, 89.219999999999999)
Boothville,LA (29.550000000000001, 89.670000000000002)
Farewell,AK (62.850000000000001, 154.47)
Wichita,KS (37.649999999999999, 97.430000000000007)
Pequot Lake,MN (46.600000000000001, 94.319999999999993)
Bristol,TN (36.479999999999997, 82.400000000000006)
Oak Harbor,WA (48.25, 122.68000000000001)
Findlay,OH (41.020000000000003, 83.670000000000002)
Rickenbacker,OH (39.82, 82.930000000000007)
Binghamton,NY (42.219999999999999, 75.980000000000004)
Kearney,NE (40.729999999999997, 99.0)
Saint Paul,MN (44.93, 93.049999999999997)
Mitchell,SD (43.770000000000003, 98.030000000000001)
Hanksville,UT (38.369999999999997, 110.72)
Fort Eustis,VA (37.130000000000003, 76.620000000000005)
Syracuse,NY (43.119999999999997, 76.120000000000005)
Muncie,IN (40.229999999999997, 85.379999999999995)
Norfolk Rgnl,VA (36.899999999999999, 76.200000000000003)
Payson,AZ (34.229999999999997, 111.33)
Parkersburg,WV (39.350000000000001, 81.430000000000007)
Cape Decis,AK (56.0, 134.22)
Park Rapids,MN (46.899999999999999, 95.069999999999993)
Hoonah Seapl,AK (58.100000000000001, 135.44999999999999)
Concord,NH (43.200000000000003, 71.5)
Los Alamos,NM (35.880000000000003, 106.28)
Brunswick,ME (43.880000000000003, 69.930000000000007)
Visalia,CA (36.32, 119.40000000000001)
South Bend,IN (41.700000000000003, 86.319999999999993)
Danville,VA (36.57, 79.329999999999998)
Yuma Mcas,AZ (32.649999999999999, 114.62)
Norwood,MA (42.18, 71.180000000000007)
Barksdale,LA (32.5, 93.670000000000002)
Grand Isle,LA (29.18, 90.069999999999993)
Marquette,MI (46.880000000000003, 87.950000000000003)
Pendleton,OR (45.68, 118.84999999999999)
Reese AFB,TX (33.600000000000001, 102.05)
Elkhart,IN (41.719999999999999, 86.0)
Modesto,CA (37.630000000000003, 120.95)
Burlington,WA (48.5, 122.33)
Fort Lewis,WA (47.079999999999998, 122.58)
Hyannis,MA (41.670000000000002, 70.280000000000001)
Ogdensburg,NY (44.68, 75.400000000000006)
Watertown,NY (44.0, 76.019999999999996)
Goodland,KS (39.369999999999997, 101.7)
Greenwood,MS (33.5, 90.079999999999998)
Ke-Ahole/Kon,HI (19.75, 156.05000000000001)
Beaumont,CA (33.93, 116.95)
Atlanta/Dklb,GA (33.880000000000003, 84.299999999999997)
Sitkinak,AK (56.880000000000003, 154.19999999999999)
Saint George,UT (37.079999999999998, 113.59999999999999)
Bakalar Af,IN (39.380000000000003, 86.5)
Santa Fe,NM (35.619999999999997, 106.08)
Keene,NH (42.899999999999999, 72.269999999999996)
Vance AFB,OK (36.329999999999998, 97.920000000000002)
Diamond Sho,NC (35.25, 75.5)
Nasa Shuttle,FL (28.620000000000001, 80.680000000000007)
Barrow,AK (71.299999999999997, 156.78)
Kelly AFB,TX (29.379999999999999, 98.579999999999998)
Fort Lauderdale,FL (26.129999999999999, 80.129999999999995)
Atlanta/Fltn,GA (33.780000000000001, 84.519999999999996)
Lazy Mtn,AK (61.630000000000003, 149.03)
Devil's Lake,ND (48.100000000000001, 98.870000000000005)
Hancock,MI (47.170000000000002, 88.5)
Omaha/Eppley,NE (41.299999999999997, 95.900000000000006)
George AFB,CA (34.579999999999998, 117.38)
Mount Wilson,CA (34.229999999999997, 118.06999999999999)
Houghton Lake,MI (44.369999999999997, 84.680000000000007)
El Dorado,AR (33.219999999999999, 92.799999999999997)
Wolf Point,MT (48.100000000000001, 105.58)
Moffet NAS,CA (37.420000000000002, 122.05)
Mt Washingtn,NH (44.270000000000003, 71.299999999999997)
Monterey,CA (36.579999999999998, 121.84999999999999)
Cecil,FL (30.219999999999999, 81.879999999999995)
Muir,PA (40.43, 76.569999999999993)
Roosevelt,UT (40.5, 110.63)
Kilauea Pt,HI (22.379999999999999, 159.66999999999999)
Patuxent,MD (38.280000000000001, 76.400000000000006)
St. Johnsbury,VT (44.420000000000002, 72.019999999999996)
Dickenson,ND (46.780000000000001, 102.8)
Meacham,OR (45.5, 118.40000000000001)
Clayton,NM (36.450000000000003, 103.15000000000001)
Elizabeth,NC (36.270000000000003, 76.180000000000007)
Meridian/Key,MS (32.329999999999998, 88.75)
Middleton Is,AK (59.43, 146.33000000000001)
Corona,NM (34.100000000000001, 105.68000000000001)
Everet/Paine,WA (47.920000000000002, 122.28)
Walnut Ridge,AR (36.130000000000003, 90.930000000000007)
West Palm Beach,FL (26.68, 80.120000000000005)
Seward,AK (60.18, 149.75)
Washington,DC (38.890000000000001, 77.030000000000001)
Middletown,PA (40.200000000000003, 76.769999999999996)
Huron,SD (44.380000000000003, 98.219999999999999)
Bethel,AK (60.780000000000001, 161.80000000000001)
Rutland,VT (43.530000000000001, 73.950000000000003)
S Marsh Isl,LA (28.300000000000001, 91.980000000000004)
North Bend,OR (43.420000000000002, 124.25)
Nth Philadel,PA (40.079999999999998, 75.019999999999996)
Red Bluff,CA (40.149999999999999, 122.25)
Rockport,TX (28.079999999999998, 97.030000000000001)
Caribou Mun,ME (46.869999999999997, 68.019999999999996)
Yankton,SD (42.920000000000002, 97.379999999999995)
Charlotte,NC (35.219999999999999, 80.930000000000007)
Ely/Yelland,NV (39.280000000000001, 114.84999999999999)
Wichita Flls,TX (33.979999999999997, 98.5)
Fort Carson,CO (38.68, 104.77)
Peoria,IL (40.670000000000002, 89.680000000000007)
Gulkana,AK (62.149999999999999, 145.44999999999999)
Chino,CA (33.969999999999999, 117.63)
Cleveland,OH (41.420000000000002, 81.870000000000005)
Massena,NY (44.93, 74.849999999999994)
Cheyenne,WY (41.149999999999999, 104.81999999999999)
Gambell,AK (63.770000000000003, 171.72999999999999)
Dillingham,AK (59.049999999999997, 158.52000000000001)
Port Clarnce,AK (65.25, 166.87)
Seul Choix,MI (45.920000000000002, 85.920000000000002)
Caliente,NV (37.619999999999997, 114.52)
Olympia,WA (46.969999999999999, 122.90000000000001)
Bedford,MA (42.469999999999999, 71.280000000000001)
Luke,AZ (33.530000000000001, 112.38)
Elko,NV (40.829999999999998, 115.78)
San Francisco,CA (37.619999999999997, 122.38)
Austin,TX (30.300000000000001, 97.700000000000003)
Menominee,MI (45.119999999999997, 87.629999999999995)
Yakima,WA (46.57, 120.53)
Pellston,MI (45.57, 84.799999999999997)
Watertown,SD (44.920000000000002, 97.150000000000006)
Burns,OR (43.600000000000001, 118.95)
Concord,CA (37.979999999999997, 122.05)
Mattoon,IL (39.479999999999997, 88.280000000000001)
Chamberlain,SD (43.75, 99.319999999999993)
Elmira,NY (42.170000000000002, 76.900000000000006)
Waco-Madison,TX (31.620000000000001, 97.219999999999999)
Imperial,NE (40.530000000000001, 101.63)
Fort Worth,TX (32.82, 97.349999999999994)
Stockton,CA (37.899999999999999, 121.25)
Hutchinson,KS (38.07, 97.870000000000005)
Morgantown,WV (39.649999999999999, 79.920000000000002)
Sun Valley,ID (43.5, 114.3)
Grand Canyon,AZ (35.950000000000003, 112.15000000000001)
Wilmington,NC (34.270000000000003, 77.920000000000002)
Valdez 2,AK (61.130000000000003, 146.25)
Minchumina,AK (63.899999999999999, 152.27000000000001)
Montpelier,VT (44.200000000000003, 72.569999999999993)
Mcgrath,AK (62.969999999999999, 155.62)
Siskiyou,CA (41.780000000000001, 122.47)
Memphis Intl,TN (35.049999999999997, 90.0)
Honolulu Int,HI (21.350000000000001, 157.93000000000001)
Portland,ME (43.649999999999999, 70.319999999999993)
Fairmont,MN (43.649999999999999, 94.420000000000002)
Grangeville,ID (45.920000000000002, 116.13)
Greenville,MS (33.479999999999997, 90.980000000000004)
Lewiston,ID (46.380000000000003, 117.02)
Erie,PA (42.079999999999998, 80.180000000000007)
Columbus Osu,OH (40.079999999999998, 83.069999999999993)
Harlingen,TX (26.23, 97.670000000000002)
San Jose,CA (37.369999999999997, 121.92)
Tahneta Pass,AK (61.899999999999999, 147.30000000000001)
Wales,AK (66.030000000000001, 168.08000000000001)
Greenville,ME (45.780000000000001, 69.629999999999995)
London,KY (37.079999999999998, 84.069999999999993)
Douglas,AZ (31.449999999999999, 109.59999999999999)
Talkeetna,AK (62.299999999999997, 150.09999999999999)
Fort Belvoir,VA (38.719999999999999, 77.180000000000007)
Eugene Is.,LA (28.469999999999999, 91.780000000000001)
Chico,CA (39.780000000000001, 121.84999999999999)
Stampede Pas,WA (47.280000000000001, 121.33)
Dyersburg,TN (36.020000000000003, 89.400000000000006)
Milford,UT (38.719999999999999, 113.03)
Lander,WY (42.82, 108.73)
Hayes River,AK (61.979999999999997, 152.08000000000001)
Broken Bow,NE (41.43, 99.650000000000006)
Morgan City,LA (29.699999999999999, 91.200000000000003)
Oliktok Dew,AK (70.5, 149.88)
Buckley,CO (39.719999999999999, 104.75)
Ontario,OR (44.020000000000003, 117.02)
Hibbing,MN (47.380000000000003, 92.849999999999994)
Santa Ana,CA (33.670000000000002, 117.88)
Sterling,IL (41.740000000000002, 89.670000000000002)
Athens/Albany,OH (39.210000000000001, 82.230000000000004)
Tyler/Pounds,TX (32.369999999999997, 95.400000000000006)
Riverton,WY (43.049999999999997, 108.45)
StLouis/Spirit,MO (38.649999999999999, 90.629999999999995)
Chatham,MA (41.670000000000002, 69.969999999999999)
Utica,NY (43.149999999999999, 75.379999999999995)
Mccook,NE (40.219999999999999, 100.58)
Fort Hunter,CA (36.0, 121.31999999999999)
Kansas City,MO (39.119999999999997, 94.599999999999994)
Otis ANGB,MA (41.649999999999999, 70.519999999999996)
Aniak,AK (61.579999999999998, 159.53)
Austin,NV (39.5, 117.08)
Franklin,PA (41.380000000000003, 79.870000000000005)
Dover,DE (39.130000000000003, 75.469999999999999)
Palo Alto,CA (37.469999999999999, 122.12)
Limon,CO (39.18, 103.7)
Molokai,HI (21.149999999999999, 157.09999999999999)
Camp Pendlet,CA (33.299999999999997, 117.34999999999999)
White Plains,NY (41.07, 73.719999999999999)
Grand Forks,ND (47.969999999999999, 97.400000000000006)
Muskegon,MI (43.170000000000002, 86.25)
Burbank,CA (34.200000000000003, 118.37)
Knoxville,TN (35.82, 83.980000000000004)
Twenty9 Palm,CA (34.280000000000001, 116.15000000000001)
Tucumcari,NM (35.18, 103.59999999999999)
Tulsa,OK (36.200000000000003, 95.900000000000006)
Kirksville,MO (40.100000000000001, 92.549999999999997)
Monroe,LA (32.520000000000003, 92.049999999999997)
Vandalia,IL (38.990000000000002, 89.170000000000002)
Bartlesville,OK (36.75, 96.0)
Greeley-Wld,CO (40.43, 104.63)
Chicago/Meigs,IL (41.869999999999997, 87.620000000000005)
Concordia,KS (39.549999999999997, 97.650000000000006)
Slidel,LA (30.350000000000001, 89.819999999999993)
Galesburg,IL (40.93, 90.430000000000007)
Fort Wayne,IN (41.0, 85.200000000000003)
Alma,GA (31.530000000000001, 82.519999999999996)
Blanding,UT (38.030000000000001, 109.78)
Spickard,MO (40.25, 93.719999999999999)
La Grande,OR (45.280000000000001, 118.0)
Cp Girardeau,MO (37.229999999999997, 89.579999999999998)
Cut Bank,MT (48.600000000000001, 112.37)
Laurel,MS (31.670000000000002, 89.170000000000002)
Killeen,TX (31.079999999999998, 97.680000000000007)
Gallup/Clark,NM (35.520000000000003, 108.78)
Big Bear Apt,CA (34.270000000000003, 116.68000000000001)
Kerrville,TX (29.98, 99.079999999999998)
Baltimore,MD (39.329999999999998, 76.420000000000002)
Truckee-Tahoe,CA (39.32, 120.13)
Maui,HI (20.969999999999999, 156.83000000000001)
Marion,IL (37.75, 89.0)
Pierre,SD (44.380000000000003, 100.28)
San Carlos,CA (37.520000000000003, 122.25)
Oxnard,CA (34.200000000000003, 119.2)
Fort Yukon,AK (66.569999999999993, 145.27000000000001)
Roseburg,OR (43.229999999999997, 123.37)
Fort Benning,GA (32.329999999999998, 85.0)
Jackson,MS (32.32, 90.079999999999998)
Mount Shasta,CA (41.32, 122.31999999999999)
Topeka/Forbe,KS (38.950000000000003, 95.670000000000002)
Lancaster,CA (34.729999999999997, 118.22)
Hawthorne,CA (33.920000000000002, 118.33)
San Jose/Rei,CA (37.329999999999998, 121.81999999999999)
Spencer,IA (43.170000000000002, 95.150000000000006)
Spartanburg,SC (34.920000000000002, 81.959999999999994)
Sanford,FL (28.780000000000001, 81.25)
Ft Leavnwrth,KS (39.369999999999997, 94.920000000000002)
Havre,MT (48.549999999999997, 109.77)
Amarillo,TX (35.229999999999997, 101.7)
Brownsville,TX (25.899999999999999, 97.430000000000007)
Pittsfield,MA (42.259999999999998, 73.180000000000007)
Scottsdale,AZ (33.619999999999997, 111.92)
Smyrna,TN (36.0, 86.5)
Millville,NJ (39.369999999999997, 75.069999999999993)
Enid,OK (36.380000000000003, 97.799999999999997)
New York,NY (40.770000000000003, 73.980000000000004)
Wilkes-Barre,PA (41.329999999999998, 75.730000000000004)
Selma,AL (32.340000000000003, 86.989999999999995)
Ogden,UT (41.18, 112.02)
El Toro,CA (33.670000000000002, 117.73)
Salina,KS (38.799999999999997, 97.650000000000006)
Ainsworth,NE (42.579999999999998, 99.980000000000004)
Valdez,AK (61.130000000000003, 146.34999999999999)
Jackson,MI (42.270000000000003, 84.469999999999999)
Dayton,OH (39.899999999999999, 84.200000000000003)
Wink,TX (31.780000000000001, 103.2)
Crescent City,CA (41.780000000000001, 124.23)
Shemy,AK (53.200000000000003, 174.13)
Salida,CO (38.530000000000001, 106.05)
Emporia,KS (38.329999999999998, 96.200000000000003)
Bradford,IL (41.159999999999997, 89.599999999999994)
Eureka,CA (41.329999999999998, 124.28)
Augusta,ME (44.32, 69.799999999999997)
Fergus Falls,MN (46.299999999999997, 96.069999999999993)
Indianapolis,IN (39.729999999999997, 86.269999999999996)
Port Heiden,AK (56.950000000000003, 158.62)
Nantucket,MA (41.25, 70.069999999999993)
Montrose,CO (38.5, 107.88)
Edwards AFB,CA (34.899999999999999, 117.88)
Hot Springs,AR (34.479999999999997, 93.099999999999994)
Fallon NAS,NV (39.420000000000002, 118.7)
Alice,TX (27.73, 98.030000000000001)
Auburn,AL (32.670000000000002, 85.439999999999998)
Mosinee,WI (44.780000000000001, 89.670000000000002)
Valentine,NE (42.869999999999997, 100.55)
Laramie,WY (41.32, 105.68000000000001)
Cedar Rapids,IA (41.880000000000003, 91.700000000000003)
Philipsburg,PA (41.469999999999999, 78.129999999999995)
Kingman,AZ (35.270000000000003, 113.95)
D.w. Hooks,TX (30.07, 95.549999999999997)
Houston/Hobby,TX (29.649999999999999, 95.280000000000001)
Northway,AK (62.969999999999999, 141.93000000000001)
San Diego,CA (32.82, 116.97)
New Orleans,LA (30.030000000000001, 90.030000000000001)
Duke Fld,FL (30.649999999999999, 86.519999999999996)
Martinsburg,WV (39.399999999999999, 77.980000000000004)
Davis-M AFB,AZ (32.170000000000002, 110.88)
Pittsburgh,PA (40.5, 80.219999999999999)
Green River,UT (39.0, 110.15000000000001)
Crossville,TN (35.950000000000003, 85.079999999999998)
Huntington,WV (38.369999999999997, 82.549999999999997)
Salem,IL (38.630000000000003, 88.959999999999994)
Air Force A,CO (39.520000000000003, 105.34999999999999)
Manhatten,KS (39.149999999999999, 96.670000000000002)
Palmdale,CA (35.049999999999997, 118.13)
Hot Springs,NC (35.899999999999999, 82.819999999999993)
Battle Creek,MI (42.299999999999997, 85.230000000000004)
Clinton,OK (35.350000000000001, 99.200000000000003)
Niagara Fall,NY (43.100000000000001, 78.950000000000003)
Mobile Aeros,AL (30.629999999999999, 88.069999999999993)
Eagle,AK (64.769999999999996, 141.15000000000001)
Wrangell,AK (56.479999999999997, 132.37)
Fresno,CA (36.770000000000003, 119.72)
Paris/Cox,TX (33.630000000000003, 95.450000000000003)
New London,CT (41.299999999999997, 72.079999999999998)
Daggett,CA (34.869999999999997, 116.78)
Presque Isle,ME (46.68, 68.049999999999997)
Golden Trian,MS (33.450000000000003, 88.579999999999998)
Junction,TX (30.5, 99.769999999999996)
Oceana NAS,VA (36.82, 76.030000000000001)
Manitowac,WI (44.130000000000003, 87.670000000000002)
Quantico Mca,VA (38.5, 77.299999999999997)
Norfolk NAS,VA (36.93, 76.280000000000001)
San Angelo,TX (31.370000000000001, 100.5)
Drummond,MT (46.670000000000002, 113.15000000000001)
Columbia,MO (38.82, 92.219999999999999)
Sandburg,CA (34.75, 118.73)
Funter Bay,AK (58.25, 134.90000000000001)
Cape Cod Can,MA (41.780000000000001, 70.5)
Windsor Loc,CT (41.93, 72.680000000000007)
Moriarity,NM (34.979999999999997, 106.05)
Mccall,ID (44.880000000000003, 116.09999999999999)
Loring AFB,ME (46.950000000000003, 67.879999999999995)
Lemmon,SD (45.93, 102.17)
Philip,SD (44.049999999999997, 101.59999999999999)
Carlsbad,NM (32.329999999999998, 104.27)
W Lafayette,IN (40.420000000000002, 86.930000000000007)
White Sands,NM (32.630000000000003, 106.40000000000001)
Corpus Chrst,TX (27.699999999999999, 97.280000000000001)
Toledo,WA (46.479999999999997, 122.8)
Skwentna,AK (61.969999999999999, 151.19999999999999)
Traverse City,MI (44.729999999999997, 85.579999999999998)
Wendover,UT (41.219999999999999, 114.05)
Jackson,TN (35.600000000000001, 88.920000000000002)
Warroad,MN (48.93, 95.349999999999994)
Fort Sill,OK (34.649999999999999, 98.400000000000006)
Williston,ND (48.18, 103.63)
Salt Lake City,UT (40.780000000000001, 111.97)
Fraser,CO (39.57, 105.5)
Burwell,NE (41.780000000000001, 99.150000000000006)
Norman,OK (35.229999999999997, 97.469999999999999)
Cuba Awrs,NM (36.020000000000003, 106.95)
Newport,OR (44.630000000000003, 124.05)
Saint Peters,FL (27.920000000000002, 82.680000000000007)
Brunswick,GA (31.149999999999999, 81.379999999999995)
Kingsville,TX (27.5, 97.819999999999993)
Fort Myers,FL (26.579999999999998, 81.870000000000005)
Blue Canyon,CA (39.280000000000001, 120.7)
Hot Springs,VA (37.950000000000003, 79.819999999999993)
Shaw AFB,SC (33.969999999999999, 80.469999999999999)
Cody,WY (44.520000000000003, 109.02)
Five Mile,AK (65.930000000000007, 149.83000000000001)
Minot AFB,ND (48.420000000000002, 101.34999999999999)
St. Louis,MO (38.75, 90.370000000000005)
Oshkosh,WI (44.0, 88.569999999999993)
Coopersville,MI (43.07, 85.950000000000003)
Marthas Vine,MA (41.399999999999999, 70.620000000000005)
Albany,NY (42.75, 73.799999999999997)
Newport,VT (45.549999999999997, 72.329999999999998)
Pensacola,FL (30.469999999999999, 87.200000000000003)
Mccomb,MS (31.18, 90.469999999999999)
Cozad,NE (40.869999999999997, 100.0)
Quonset Pt NAS,RI (41.359999999999999, 71.25)
Winston-Salem,NC (36.130000000000003, 80.230000000000004)
Gage,OK (36.299999999999997, 99.769999999999996)
Steamboat Sp,CO (40.479999999999997, 106.81999999999999)
Paducah,KY (37.07, 88.769999999999996)
Grissom AFB,IN (40.649999999999999, 86.150000000000006)
Casper,WY (42.920000000000002, 106.47)
Cordova,AK (60.5, 145.5)
Willow,AK (61.75, 150.05000000000001)
Dubois,PA (41.18, 78.900000000000006)
Rumford,ME (44.880000000000003, 70.879999999999995)
Missippi Can,LA (28.780000000000001, 89.049999999999997)
Galbraith Lk,AK (68.480000000000004, 149.47999999999999)
Vero Beach,FL (27.649999999999999, 80.420000000000002)
Brainerd-Crw,MN (46.399999999999999, 94.129999999999995)
Seattle,WA (47.450000000000003, 122.3)
Russell,KS (38.869999999999997, 98.819999999999993)
Malad City,ID (42.170000000000002, 112.31999999999999)
Mullan,ID (47.469999999999999, 115.8)
Titusville,FL (28.52, 80.799999999999997)
Burlington,IA (40.780000000000001, 91.120000000000005)
Tupelo,MS (34.270000000000003, 88.769999999999996)
Arcata,CA (40.979999999999997, 124.09999999999999)
Memphis NAS,TN (35.350000000000001, 89.870000000000005)
Tuscaloosa,AL (33.229999999999997, 87.620000000000005)
Bloomington,IN (39.130000000000003, 86.620000000000005)
Aurora,IL (41.770000000000003, 88.319999999999993)
Bloomington,IL (40.479999999999997, 88.930000000000007)
Hill City,KS (39.380000000000003, 99.829999999999998)
Beaufort Mca,SC (32.479999999999997, 80.719999999999999)
Tacoma,WA (47.270000000000003, 122.58)
Redding,CA (40.5, 122.3)
Mcalester,OK (34.880000000000003, 95.780000000000001)
Chicago/O'hare,IL (41.979999999999997, 87.900000000000006)
Andrews AFB,MD (38.82, 76.870000000000005)
Lansing,MI (42.770000000000003, 84.599999999999994)
San Luis Obi,CA (35.229999999999997, 120.65000000000001)
Mcentire,SC (33.920000000000002, 80.799999999999997)
Escanaba,MI (45.729999999999997, 87.079999999999998)
Astor NAS,FL (29.120000000000001, 81.569999999999993)
Jonesboro,AR (35.829999999999998, 90.650000000000006)
Macdill AFB,FL (27.850000000000001, 82.519999999999996)
Deming,NM (32.25, 107.7)
Cincinnati,OH (39.100000000000001, 84.430000000000007)
Centreville,AL (32.899999999999999, 87.25)
Lovelock,NV (40.100000000000001, 118.92)
Allentown,PA (40.649999999999999, 75.430000000000007)
Lake View,OR (42.18, 120.34999999999999)
Cape Hinchi,AK (60.380000000000003, 147.08000000000001)
Angoon,AK (57.829999999999998, 134.97)
Castle AFB,CA (37.380000000000003, 120.56999999999999)
Apalachicola,FL (29.73, 85.030000000000001)
Riverside,CA (33.950000000000003, 117.45)
Evanston,WY (41.329999999999998, 111.0)
New Bedford,MA (41.68, 70.969999999999999)
Susanville,CA (40.630000000000003, 120.95)
Walla Walla,WA (46.100000000000001, 118.28)
New Andreafs,AK (62.07, 163.30000000000001)
Louisville,KY (38.18, 85.730000000000004)
Centralia,IL (38.509999999999998, 89.090000000000003)
Van Nuys,CA (34.219999999999999, 118.48)
Sitka,AK (57.07, 135.34999999999999)
Charleston,WV (38.369999999999997, 81.599999999999994)
Topeka,KS (39.07, 95.620000000000005)
Block Island,RI (41.170000000000002, 71.579999999999998)
Battle Mtn,NV (40.619999999999997, 116.87)
Monett,MO (37.329999999999998, 94.349999999999994)
Hilo,HI (19.719999999999999, 155.06999999999999)
Kalamazoo,MI (42.229999999999997, 85.549999999999997)
Willoughby,OH (41.630000000000003, 81.400000000000006)
Cedar City,UT (37.700000000000003, 113.09999999999999)
Morristown,NJ (40.799999999999997, 74.420000000000002)
St. Paul Is,AK (57.149999999999999, 170.22)
Trenton,NJ (40.280000000000001, 74.819999999999993)
Pease AFB,NH (43.079999999999998, 70.819999999999993)
Falcon Fld,AZ (33.469999999999999, 111.73)
Santa Monica,CA (34.020000000000003, 118.45)
Petersburg,AK (56.82, 132.97)
Miami,FL (25.82, 80.280000000000001)
Griffiss AFB,NY (43.229999999999997, 75.400000000000006)
Billings,MT (45.799999999999997, 108.53)
Twin Falls,ID (42.479999999999997, 114.48)
Medford,OR (42.369999999999997, 122.87)
Claiborne R,LA (31.219999999999999, 92.950000000000003)
Richards-Geb,MO (38.850000000000001, 94.549999999999997)
Barking San,HI (22.050000000000001, 160.30000000000001)
Show Low,AZ (34.270000000000003, 110.0)
Estherville,IA (43.399999999999999, 94.75)
Shelton,WA (47.25, 123.15000000000001)
Wurtsmith,MI (44.450000000000003, 83.400000000000006)
Harbor Beach,MI (43.829999999999998, 82.530000000000001)
Benton Harbor,MI (42.130000000000003, 86.430000000000007)
Chicago/Midway,IL (41.780000000000001, 87.75)
Skagway,AK (59.75, 135.53)
Gooding,ID (43.0, 115.17)
Superior Val,CA (35.329999999999998, 117.09999999999999)
Albany,GA (31.530000000000001, 84.180000000000007)
Worthington,MN (43.649999999999999, 95.579999999999998)
Great Falls,MT (47.479999999999997, 111.37)
Bismarck,ND (46.770000000000003, 100.75)
Panama City,FL (30.199999999999999, 85.680000000000007)
Southern Pin,NC (35.240000000000002, 79.390000000000001)
Camden,AR (33.520000000000003, 92.400000000000006)
St. Joseph,MO (40.280000000000001, 95.530000000000001)
Pt Arena,CA (39.579999999999998, 124.22)
Ft Col/Lovel,CO (40.450000000000003, 105.02)
Dubuque,IA (42.399999999999999, 90.700000000000003)
Champaign/Urbana,IL (40.030000000000001, 88.280000000000001)
Newport News,VA (37.130000000000003, 76.5)
Blythe,CA (33.619999999999997, 114.72)
Dallas/Love,TX (32.850000000000001, 96.849999999999994)
Carbondale,IL (37.780000000000001, 89.25)
Natchez,MS (31.620000000000001, 91.25)
Staunton,VA (38.270000000000003, 78.849999999999994)
Williamsport,PA (41.25, 76.920000000000002)
Du Page,IL (41.920000000000002, 88.25)
The Dalles,OR (45.619999999999997, 121.15000000000001)
Jacksonville,NC (34.82, 77.620000000000005)
Dare Co Gr,NC (36.130000000000003, 76.5)
Stillwater,OK (36.159999999999997, 97.090000000000003)
Grand Rapids,MN (47.219999999999999, 93.519999999999996)
Grand Rapids,MI (42.880000000000003, 85.519999999999996)
Palacios,TX (28.719999999999999, 96.25)
Bistate Park,IL (38.57, 90.150000000000006)
Barnegat Ls,NJ (40.280000000000001, 74.280000000000001)
Fort Huachuc,AZ (31.600000000000001, 110.34999999999999)
Tofte,MN (47.579999999999998, 90.829999999999998)
Gainesville,FL (29.68, 82.269999999999996)
Rockland,ME (44.07, 69.120000000000005)
Wildhorse,NV (41.329999999999998, 116.25)
Savannah Mun,GA (32.130000000000003, 81.200000000000003)
Point Lay,AK (69.819999999999993, 162.91999999999999)
Omak,WA (48.420000000000002, 119.53)
Lancaster,PA (40.130000000000003, 76.299999999999997)
Malmstrom,MT (47.5, 111.18000000000001)
Danbury,CT (41.369999999999997, 73.480000000000004)
Mcconnell Af,KS (37.619999999999997, 97.269999999999996)
Fort Devens,MA (42.57, 71.599999999999994)
Dyess AFB,TX (32.43, 99.849999999999994)
Rochester,NY (43.119999999999997, 77.670000000000002)
Las Vegas,NM (35.649999999999999, 105.15000000000001)
Dallas/Redbr,TX (32.68, 96.870000000000005)
Northrup Str,NM (32.899999999999999, 106.40000000000001)
Nth Kingston,RI (41.600000000000001, 71.420000000000002)
Site R,PA (39.729999999999997, 77.430000000000007)
Reading,PA (40.380000000000003, 75.969999999999999)
Renton,WA (47.5, 122.22)
Montague,CA (41.729999999999997, 122.53)
Dugway Prvgr,UT (40.200000000000003, 112.93000000000001)
Travis AFB,CA (38.270000000000003, 121.93000000000001)
Lincoln Muni,NE (40.850000000000001, 96.75)
Nikolski,AK (53.579999999999998, 169.41999999999999)
Minneapolis,MN (44.880000000000003, 93.219999999999999)
Fort Polk,LA (31.050000000000001, 93.200000000000003)
Dutch Harbor,AK (53.880000000000003, 166.53)
Buffalo,NY (42.93, 78.730000000000004)
Moody AFB,GA (30.969999999999999, 83.200000000000003)
Price/Carbon,UT (39.619999999999997, 110.75)
Pine Bluff,AR (34.170000000000002, 91.930000000000007)
Bellingham,WA (48.799999999999997, 122.53)
Challis,ID (44.520000000000003, 114.22)
Langley AFB,VA (37.079999999999998, 76.370000000000005)
Boston,MA (42.369999999999997, 71.030000000000001)
Willow Grove,PA (40.200000000000003, 75.150000000000006)
Plainview,TX (34.170000000000002, 101.70999999999999)
Rock Springs,WY (41.600000000000001, 109.06999999999999)
Columbia,SC (33.950000000000003, 81.120000000000005)
Pullman,WA (46.75, 117.12)
Las Cruces,NM (32.299999999999997, 106.77)
Guadalupe Ps,TX (31.829999999999998, 104.8)
Troutdale,OR (45.549999999999997, 122.40000000000001)
O'neill,NE (42.469999999999999, 98.680000000000007)
Alamosa,CO (37.450000000000003, 105.87)
Mineral Wlls,TX (32.780000000000001, 98.069999999999993)
Naples,FL (26.129999999999999, 81.799999999999997)
El Monte,CA (34.079999999999998, 118.03)
Ponca City,OK (36.729999999999997, 97.099999999999994)
Denver,CO (39.75, 104.87)
Mobridge,SD (45.530000000000001, 100.43000000000001)
Yuma,AZ (33.100000000000001, 115.0)
Moorcroft,WY (44.350000000000001, 104.81)
Marseilles,IL (41.369999999999997, 88.680000000000007)
Lonely (dew),AK (70.920000000000002, 153.22999999999999)
Ambrose,NY (40.75, 74.370000000000005)
Gustavus,AK (58.420000000000002, 135.72999999999999)
Kinston,NC (35.32, 77.629999999999995)
Joplin,MO (37.170000000000002, 94.5)
Lone Rock,WI (43.200000000000003, 90.180000000000007)
Wainwright,AK (70.620000000000005, 159.84999999999999)
San Antonio,TX (29.329999999999998, 98.469999999999999)
Berlin,NH (44.579999999999998, 71.180000000000007)
Marfa,TX (30.370000000000001, 104.02)
Bishop,CA (37.600000000000001, 118.59999999999999)
Zanesville,OH (39.950000000000003, 81.900000000000006)
Egmont Key,FL (27.600000000000001, 82.769999999999996)
Oxford,MS (34.390000000000001, 89.540000000000006)
Las Vegas,NV (36.079999999999998, 115.17)
Janesville,WI (42.619999999999997, 89.030000000000001)
Bozeman,MT (45.780000000000001, 111.15000000000001)
Brookings,OR (42.079999999999998, 124.47)
Monida,MT (44.57, 112.31999999999999)
Hartford,CT (41.729999999999997, 72.650000000000006)
Whidbey Is,WA (48.350000000000001, 122.65000000000001)
Whittier,AK (60.780000000000001, 148.72)
Ely,MN (47.899999999999999, 91.819999999999993)
Fort Bragg,NC (35.130000000000003, 78.930000000000007)
Sidney,MT (47.719999999999999, 104.18000000000001)
New Bern,NC (35.079999999999998, 77.049999999999997)
Lufkin,TX (31.23, 94.75)
Toledo,OH (41.600000000000001, 83.799999999999997)
Stephenville,TX (32.219999999999999, 98.180000000000007)
Aspen,CO (39.219999999999999, 106.87)
Iron Mtn,MI (45.82, 88.120000000000005)
High Is,LA (28.219999999999999, 93.75)
Harrison,AR (36.270000000000003, 93.150000000000006)
Beverly,MA (42.579999999999998, 70.920000000000002)
North Platte,NE (41.130000000000003, 100.68000000000001)
Lexington,KY (38.049999999999997, 85.0)
Thompson Fal,MT (47.600000000000001, 115.37)
Moses Lake,WA (47.200000000000003, 119.31999999999999)
Wenatchee,WA (47.399999999999999, 120.2)
Alexandria,MN (45.869999999999997, 95.379999999999995)
Cortez,CO (37.299999999999997, 108.63)
Cascade,OR (45.68, 121.88)
Madison,WI (43.130000000000003, 89.329999999999998)
San Miguel,CA (34.030000000000001, 120.40000000000001)
Dothan,AL (31.32, 85.450000000000003)
Copper Harb,MI (47.469999999999999, 87.849999999999994)
Ft Campbell,KY (36.670000000000002, 87.5)
Key West NAS,FL (24.57, 81.680000000000007)
Vernal,UT (40.450000000000003, 109.52)
Brownwood,TX (31.789999999999999, 98.959999999999994)
El Paso,TX (31.800000000000001, 106.40000000000001)
Needles,CA (34.770000000000003, 114.62)
Daytona Bch,FL (29.18, 81.049999999999997)
Winnemucca,NV (40.899999999999999, 117.8)
La Junta,CO (38.049999999999997, 103.52)
Jackson,WY (43.600000000000001, 110.73)
Avon Park G,FL (28.079999999999998, 81.549999999999997)
Fayetteville,NC (35.0, 78.879999999999995)
Randolph AFB,TX (29.530000000000001, 98.280000000000001)
Cantwell,AK (63.380000000000003, 148.94999999999999)
Rochester,MN (43.920000000000002, 92.5)
Prudhoe Bay,AK (70.25, 148.33000000000001)
Santa Rosa,CA (38.520000000000003, 122.81999999999999)
Lewisburg,WV (37.869999999999997, 80.400000000000006)
Plattsburgh,NY (44.649999999999999, 73.469999999999999)
Liberal,KS (37.049999999999997, 100.97)
Keesler AFB,MS (30.420000000000002, 88.920000000000002)
Dansville,NY (42.969999999999999, 78.200000000000003)
Alpena,MI (45.07, 83.569999999999993)
Columbus,GA (32.520000000000003, 84.930000000000007)
Kotzebue,AK (66.870000000000005, 162.63)
Jamestown,NY (42.149999999999999, 79.25)
Saginaw,MI (43.530000000000001, 84.079999999999998)
Klamath Fall,OR (42.149999999999999, 121.73)
Duluth,MN (46.829999999999998, 92.180000000000007)
S Weymouth,MA (42.149999999999999, 70.930000000000007)
Oneonta,NY (42.869999999999997, 75.120000000000005)
Tinker AFB,OK (35.420000000000002, 97.379999999999995)
Galveston,TX (29.27, 94.870000000000005)
Silver City,NM (32.630000000000003, 108.17)
Norfolk,NE (41.979999999999997, 97.430000000000007)
Tallahassee,FL (30.379999999999999, 84.370000000000005)
Lake Tahoe,CA (38.899999999999999, 120.0)
Chanute,KS (37.670000000000002, 95.480000000000004)
Olathe,KS (38.850000000000001, 94.900000000000006)
Fullerton,CA (33.869999999999997, 117.97)
Anniston,AL (33.579999999999998, 85.849999999999994)
Quincy,IL (39.93, 91.200000000000003)
Fort Rucker,AL (31.280000000000001, 85.719999999999999)
Quillayute,WA (47.950000000000003, 124.55)
Idaho Falls,ID (43.520000000000003, 112.06999999999999)
Laughlin AFB,TX (29.370000000000001, 100.78)
Hondo,TX (29.350000000000001, 99.170000000000002)
Big Sky,TX (32.390000000000001, 101.48)
Paso Robles,CA (35.670000000000002, 120.63)
Broomfield,CO (39.899999999999999, 105.12)
Aberdeen,SD (45.450000000000003, 98.430000000000007)
Rice Lake,WI (45.479999999999997, 91.719999999999999)
Green Bay,WI (44.479999999999997, 88.129999999999995)
Phoenix,AZ (33.43, 112.02)
Fort Meade,MD (39.079999999999998, 76.769999999999996)
Alameda,CA (37.780000000000001, 122.31999999999999)
Abilene,TX (32.420000000000002, 99.680000000000007)
Chicago,IL (41.899999999999999, 87.650000000000006)
Delta,UT (39.329999999999998, 112.58)
Columbus,NE (41.450000000000003, 97.349999999999994)
Colville,WA (48.880000000000003, 118.47)
Sacramento,CA (38.700000000000003, 121.59999999999999)
Worcester,MA (42.270000000000003, 71.870000000000005)
Pt Piedras,CA (36.119999999999997, 121.47)
Prescott,AZ (34.649999999999999, 112.43000000000001)
Moline/Quad,IL (41.450000000000003, 90.519999999999996)
Butte,MT (45.950000000000003, 112.5)
Fort Ord,CA (36.68, 121.77)
Macon/Lewis,GA (32.700000000000003, 83.650000000000006)
Del Rio,TX (29.370000000000001, 100.92)
New York/JFK,NY (40.649999999999999, 73.780000000000001)
Pt Alsworth,AK (60.200000000000003, 154.30000000000001)
Portland,OR (45.600000000000001, 122.59999999999999)
Fayetteville,AR (36.0, 94.170000000000002)
Grand Jct,CO (39.119999999999997, 108.53)
Harlowton,MT (46.43, 109.83)
Lidgerwood,ND (46.100000000000001, 97.150000000000006)
March AFB,CA (33.880000000000003, 117.27)
Pt Arguello,CA (34.950000000000003, 121.12)
Elkhart,KS (37.0, 101.88)
Fort Drum,NY (44.049999999999997, 75.730000000000004)
Atlanta,GA (33.649999999999999, 84.420000000000002)
Hunter Aaf,GA (32.020000000000003, 81.150000000000006)
Wright-Pat AFB,OH (39.829999999999998, 84.049999999999997)
Cape Canaveral,FL (28.469999999999999, 80.549999999999997)
Ind Sprng Rn,NV (36.57, 115.67)
Gila Bend,AZ (33.549999999999997, 113.17)
Childress,TX (34.43, 100.28)
Bar Harbor,ME (44.450000000000003, 68.370000000000005)
Five Finger,AK (57.450000000000003, 134.03)
Owyhee,NV (42.579999999999998, 116.17)
Unalakleet,AK (63.880000000000003, 160.80000000000001)
Helena,MT (46.600000000000001, 112.0)
Fairchild,WA (47.619999999999997, 117.65000000000001)
Lamoni,IA (40.619999999999997, 93.930000000000007)
Dodge City,KS (37.770000000000003, 99.969999999999999)
Miami/Tamiami,FL (25.649999999999999, 80.430000000000007)
Ft Stewart,GA (31.879999999999999, 81.569999999999993)
Rawlins,WY (41.799999999999997, 107.2)
Glens Falls,NY (43.350000000000001, 73.620000000000005)
Truth Or Con,NM (33.229999999999997, 107.27)
Barbers Pt,HI (21.530000000000001, 158.12)
Manley Ht Sp,AK (65.0, 150.65000000000001)
Mcguire AFB,NJ (40.020000000000003, 74.599999999999994)
Eugene,OR (44.119999999999997, 123.22)
Waycross,GA (31.25, 82.400000000000006)
Imperial Bch,CA (32.57, 117.12)
Waterloo Mun,IA (42.549999999999997, 92.400000000000006)
Rome/Russell,GA (34.350000000000001, 85.170000000000002)
Englewood,CO (39.57, 104.83)
Nth Myrtle B,SC (33.82, 78.719999999999999)
Shreveport,LA (32.469999999999999, 93.819999999999993)
Grants,NM (35.170000000000002, 107.90000000000001)
Mullen,NE (42.049999999999997, 101.05)
Seattle/Boeing,WA (47.530000000000001, 122.3)
Sault Ste M,MI (46.469999999999999, 84.370000000000005)
High Island,LA (28.129999999999999, 94.400000000000006)
Flint/Bishop,MI (42.969999999999999, 83.75)
Puntilla,AK (62.170000000000002, 153.25)
Chandalar Lk,AK (67.5, 148.47999999999999)
Johnstown,PA (40.32, 78.829999999999998)
Pasco,WA (46.270000000000003, 119.12)
San Nic Isl,CA (33.25, 119.45)
Roswell,NM (33.299999999999997, 104.53)
Broadus,MT (45.670000000000002, 105.67)
Bowling Gren,KY (36.969999999999999, 86.430000000000007)
Texarkana,AR (33.450000000000003, 94.0)
Key West,FL (24.550000000000001, 81.75)
Dillon,MT (45.25, 112.55)
Farmington,NM (36.75, 108.23)
Gulfport,MS (30.399999999999999, 89.069999999999993)
Craig,AK (55.799999999999997, 133.25)
La Grange,GA (33.009999999999998, 85.069999999999993)
Bridgeport,CT (41.170000000000002, 73.129999999999995)
Washington/Dulles,DC (38.950000000000003, 77.459999999999994)
Socorro,NM (34.07, 106.90000000000001)
Brookings,SD (44.299999999999997, 96.799999999999997)
Imperial,CA (32.829999999999998, 115.56999999999999)
Mcchord AFB,WA (47.149999999999999, 122.48)
Douglas,WY (42.75, 105.38)
Beckley,WV (37.780000000000001, 81.120000000000005)
La Verne,CA (34.100000000000001, 117.78)
Houma,LA (29.57, 90.650000000000006)
Marshall,MN (44.450000000000003, 95.819999999999993)
Raton,NM (36.740000000000002, 104.5)
Campo,CA (32.619999999999997, 116.47)
Big Piney,WY (42.57, 110.09999999999999)
