San Lucas,Baja California Sur 22.885753655 -109.910922525
San Lucas,Baja California Sur 22.885753655 -109.910922525
San Lucas,Baja California Sur 22.885753655 -109.910922525
Montreal,NULL 45.496949417 -73.5760273
Montreal,NULL 45.496949417 -73.5760273
Montreal,NULL 45.55040812 -73.62438839
Montreal,NULL 45.55040812 -73.62438839
Monterrey,Nuevo Leon 25.6774592167 -100.284960433
Monterrey,Nuevo Leon 25.6774592167 -100.284960433
Monterrey,Nuevo Leon 25.6774592167 -100.284960433
Monterrey,Nuevo Leon 25.6774592167 -100.284960433
Monterrey,Nuevo Leon 25.6774592167 -100.284960433
Monterrey,Nuevo Leon 25.6774592167 -100.284960433
Monterrey,Nuevo Leon 25.6774592167 -100.284960433
Montreal,NULL 45.50050038 -73.57477188
Montreal,NULL 45.50050038 -73.57477188
Montreal,NULL 45.50050038 -73.57477188
Chihuahua,Chihuahua 26.930625 -105.671868
Chihuahua,Chihuahua 26.930625 -105.671868
Nyssa,OR 43.8766572333 -116.994768633
Laval,NULL 45.56750369 -73.72208571
Calera Víctor Rosales,Zacatecas 22.76956486 -102.57202392
Boise,ID 43.6137198464 -116.202399284
Boise,ID 43.6137198464 -116.202399284
NULL,NULL 38.8642687667 -99.0211604167
NULL,NULL 38.8642687667 -99.0211604167
NULL,NULL 38.8642687667 -99.0211604167
NULL,NULL 38.8642687667 -99.0211604167
NULL,NULL 38.8642687667 -99.0211604167
NULL,NULL 38.8642687667 -99.0211604167
NULL,NULL 38.8642687667 -99.0211604167
NULL,NULL 38.8642687667 -99.0211604167
NULL,NULL 38.8642687667 -99.0211604167
NULL,NULL 38.8642687667 -99.0211604167
NULL,NULL 38.8642687667 -99.0211604167
Bangor,ME 44.8011168566 -68.7714767194
Bangor,ME 44.8011168566 -68.7714767194
Bangor,ME 44.8011168566 -68.7714767194
Bangor,ME 44.8011168566 -68.7714767194
Bangor,ME 44.8011168566 -68.7714767194
Markdale,NULL 44.315559333 -80.642434417
Saltillo,Coahuila de Zaragoza 25.42516585 -101.007489933
Saltillo,Coahuila de Zaragoza 25.42516585 -101.007489933
Saltillo,Coahuila de Zaragoza 25.42516585 -101.007489933
Saltillo,Coahuila de Zaragoza 25.42516585 -101.007489933
Saltillo,Coahuila de Zaragoza 25.42516585 -101.007489933
Colby,KS 39.3690030167 -101.0451891
Colby,KS 39.3690030167 -101.0451891
Colby,KS 39.3690030167 -101.0451891
St.-Sauveur,NULL 45.889617 -74.1592
Moab,UT 38.57101732 -109.5503782
Lutsen,MN 47.6545119463 -90.727404356
Clermont,NULL 47.697395117 -70.221923017
Montreal,NULL 45.51756487 -73.580521579
Montreal,NULL 45.51756487 -73.580521579
Willcox,AZ 32.2639753667 -109.84083475
Washington,UT 37.12839445 -113.522896546
Washington,UT 37.12839445 -113.522896546
Sault Ste. Marie,NULL 46.50751745 -84.3264576833
Sault Ste. Marie,NULL 46.50751745 -84.3264576833
Hawkesbury,NULL 45.609086883 -74.6120419
Hawkesbury,NULL 45.609086883 -74.6120419
Dorset,NULL 45.245539333 -78.894239883
Monterrey,Nuevo Leon 25.6554357667 -100.294311067
Durango,CO 37.27093142 -107.88127493
Durango,CO 37.27093142 -107.88127493
Durango,CO 37.27093142 -107.88127493
Durango,CO 37.27093142 -107.88127493
Durango,CO 37.27093142 -107.88127493
Ottawa,NULL 45.4197652333 -75.6985020667
Ottawa,NULL 45.4197652333 -75.6985020667
Ottawa,NULL 45.4197652333 -75.6985020667
Ottawa,NULL 45.4197652333 -75.6985020667
Ottawa,NULL 45.4197652333 -75.6985020667
Ottawa,NULL 45.4197652333 -75.6985020667
Ottawa,NULL 45.4197652333 -75.6985020667
Ottawa,NULL 45.4197652333 -75.6985020667
Ottawa,NULL 45.4197652333 -75.6985020667
Ottawa,NULL 45.4197652333 -75.6985020667
Ottawa,NULL 45.4197652333 -75.6985020667
Ottawa,NULL 45.4197652333 -75.6985020667
Ottawa,NULL 45.4197652333 -75.6985020667
Ottawa,NULL 45.4197652333 -75.6985020667
Ottawa,NULL 45.4197652333 -75.6985020667
Ottawa,NULL 45.4197652333 -75.6985020667
Ottawa,NULL 45.4197652333 -75.6985020667
Ottawa,NULL 45.4197652333 -75.6985020667
Ottawa,NULL 45.4197652333 -75.6985020667
Ottawa,NULL 45.4197652333 -75.6985020667
Ottawa,NULL 45.4197652333 -75.6985020667
Ottawa,NULL 45.4197652333 -75.6985020667
Ottawa,NULL 45.4197652333 -75.6985020667
Ottawa,NULL 45.4197652333 -75.6985020667
Ottawa,NULL 45.4197652333 -75.6985020667
Ottawa,NULL 45.4197652333 -75.6985020667
Ottawa,NULL 45.4197652333 -75.6985020667
Ottawa,NULL 45.4197652333 -75.6985020667
Ottawa,NULL 45.4197652333 -75.6985020667
Ottawa,NULL 45.4197652333 -75.6985020667
Ottawa,NULL 45.4197652333 -75.6985020667
Ottawa,NULL 45.4197652333 -75.6985020667
Ottawa,NULL 45.4197652333 -75.6985020667
Ottawa,NULL 45.4197652333 -75.6985020667
Ottawa,NULL 45.4197652333 -75.6985020667
Ottawa,NULL 45.4197652333 -75.6985020667
Ottawa,NULL 45.4197652333 -75.6985020667
Ottawa,NULL 45.4197652333 -75.6985020667
Ottawa,NULL 45.4197652333 -75.6985020667
Ottawa,NULL 45.4197652333 -75.6985020667
Ottawa,NULL 45.4197652333 -75.6985020667
Ottawa,NULL 45.4197652333 -75.6985020667
Ottawa,NULL 45.4197652333 -75.6985020667
Ottawa,NULL 45.4197652333 -75.6985020667
Ottawa,NULL 45.4197652333 -75.6985020667
Ottawa,NULL 45.4197652333 -75.6985020667
Ottawa,NULL 45.4197652333 -75.6985020667
Ottawa,NULL 45.4197652333 -75.6985020667
Ottawa,NULL 45.4197652333 -75.6985020667
Ottawa,NULL 45.4197652333 -75.6985020667
Ottawa,NULL 45.4197652333 -75.6985020667
Ottawa,NULL 45.4197652333 -75.6985020667
Ottawa,NULL 45.4197652333 -75.6985020667
Ottawa,NULL 45.4197652333 -75.6985020667
Ottawa,NULL 45.4197652333 -75.6985020667
Ottawa,NULL 45.4197652333 -75.6985020667
Ottawa,NULL 45.4197652333 -75.6985020667
Ottawa,NULL 45.4197652333 -75.6985020667
Ottawa,NULL 45.4197652333 -75.6985020667
Ottawa,NULL 45.4197652333 -75.6985020667
Ottawa,NULL 45.4197652333 -75.6985020667
Ottawa,NULL 45.4197652333 -75.6985020667
Ottawa,NULL 45.4197652333 -75.6985020667
Ottawa,NULL 45.4197652333 -75.6985020667
Rigaud,NULL 45.4595737657 -74.2292118073
NULL,NULL 47.1109455667 -70.8753245333
Ottawa,NULL 45.450039 -75.5873173833
Ottawa,NULL 45.450039 -75.5873173833
Ottawa,NULL 45.450039 -75.5873173833
Ottawa,NULL 45.450039 -75.5873173833
Ottawa,NULL 45.450039 -75.5873173833
Ottawa,NULL 45.450039 -75.5873173833
Driggs,ID 43.68948765 -111.1100583
Driggs,ID 43.68948765 -111.1100583
Casper,WY 42.8265493667 -106.361404117
Casper,WY 42.8265493667 -106.361404117
Casper,WY 42.8265493667 -106.361404117
Casper,WY 42.8265493667 -106.361404117
Casper,WY 42.8265493667 -106.361404117
NULL,TX 29.0500623 -95.46514255
NULL,TX 29.0500623 -95.46514255
NULL,TX 29.0500623 -95.46514255
NULL,TX 29.0500623 -95.46514255
NULL,TX 29.0500623 -95.46514255
NULL,TX 29.0500623 -95.46514255
NULL,TX 29.0500623 -95.46514255
NULL,TX 29.0500623 -95.46514255
Petoskey,MI 45.3689863833 -84.9710849667
Petoskey,MI 45.3689863833 -84.9710849667
Petoskey,MI 45.3689863833 -84.9710849667
Petoskey,MI 45.3689863833 -84.9710849667
Petoskey,MI 45.3689863833 -84.9710849667
Petoskey,MI 45.3689863833 -84.9710849667
Petoskey,MI 45.3689863833 -84.9710849667
Petoskey,MI 45.3689863833 -84.9710849667
Laval,NULL 45.5689536104 -73.7593853474
Laval,NULL 45.5689536104 -73.7593853474
Laval,NULL 45.5689536104 -73.7593853474
Laval,NULL 45.5689536104 -73.7593853474
Granby,NULL 45.3928470612 -72.7964186668
Granby,NULL 45.3928470612 -72.7964186668
Granby,NULL 45.3928470612 -72.7964186668
